<?xml version="1.0" encoding="UTF-8"?>
<testng-results ignored="0" total="1" passed="1" failed="0" skipped="0">
  <reporter-output>
  </reporter-output>
  <suite started-at="2022-08-10T21:31:51 IST" name="Default suite" finished-at="2022-08-10T21:32:02 IST" duration-ms="11488">
    <groups>
    </groups>
    <test started-at="2022-08-10T21:31:51 IST" name="Default test" finished-at="2022-08-10T21:32:02 IST" duration-ms="11488">
      <class name="com.Zerodha.TestPackage.TC01VerifyLoginFunctionality">
        <test-method signature="verifyLoginZerodha()[pri:0, instance:com.Zerodha.TestPackage.TC01VerifyLoginFunctionality@27ff5d15]" started-at="2022-08-10T21:31:51 IST" name="verifyLoginZerodha" finished-at="2022-08-10T21:32:02 IST" duration-ms="11432" status="PASS">
          <reporter-output>
          </reporter-output>
        </test-method> <!-- verifyLoginZerodha -->
      </class> <!-- com.Zerodha.TestPackage.TC01VerifyLoginFunctionality -->
    </test> <!-- Default test -->
  </suite> <!-- Default suite -->
</testng-results>
